"../../../../../../Users/user/Desktop/Project/bomul/Content/NewActorComponent.uasset" 0
"../../../../../../Users/user/Desktop/Project/bomul/Content/AdvancedVillagePack/Animations/Butterfly_Anim_Var01_Skeleton.uasset" 1
"../../../../../../Users/user/Desktop/Project/bomul/Content/AdvancedVillagePack/Animations/Butterfly_Anim_Var02.uasset" 2
"../../../../../../Users/user/Desktop/Project/bomul/Content/AdvancedVillagePack/Animations/Butterfly_Anim_Var03.uasset" 3
"../../../../../../Users/user/Desktop/Project/bomul/Content/AdvancedVillagePack/Animations/Butterfly_Anim_Var04.uasset" 4
"../../../../../../Users/user/Desktop/Project/bomul/Content/AdvancedVillagePack/Animations/Butterfly_Anim_Var05.uasset" 5
"../../../../../../Users/user/Desktop/Project/bomul/Content/AdvancedVillagePack/Maps/Texture2D_6_BaseColor.uasset" 6
"../../../../../../Users/user/Desktop/Project/bomul/Content/AdvancedVillagePack/Maps/AdvancedVillagePack_DemoScene_sharedassets/Layer01_LayerInfo.uasset" 7
"../../../../../../Users/user/Desktop/Project/bomul/Content/AdvancedVillagePack/Maps/TopDownVillage_DemoScene_sharedassets/Layer01_LayerInfo.uasset" 8
"../../../../../../Users/user/Desktop/Project/bomul/Content/AdvancedVillagePack/Maps/AdvancedVillagePack_DemoScene_sharedassets/Layer02_LayerInfo.uasset" 9
"../../../../../../Users/user/Desktop/Project/bomul/Content/AdvancedVillagePack/Maps/TopDownVillage_DemoScene_sharedassets/Layer02_LayerInfo.uasset" 10
"../../../../../../Users/user/Desktop/Project/bomul/Content/AdvancedVillagePack/Maps/AdvancedVillagePack_DemoScene_sharedassets/Layer03_LayerInfo.uasset" 11
"../../../../../../Users/user/Desktop/Project/bomul/Content/AdvancedVillagePack/Maps/TopDownVillage_DemoScene_sharedassets/Layer03_LayerInfo.uasset" 12
"../../../../../../Users/user/Desktop/Project/bomul/Content/AdvancedVillagePack/Textures/Landscape/T_Foliage_Var01_D.uasset" 13
"../../../../../../Users/user/Desktop/Project/bomul/Content/AdvancedVillagePack/Textures/Landscape/T_Foliage_Var01_O.uasset" 14
"../../../../../../Users/user/Desktop/Project/bomul/Content/AdvancedVillagePack/Textures/T_Pack_TreeLeafs_N.uasset" 15
"../../../../../../Users/user/Desktop/Project/bomul/Content/AdvancedVillagePack/Materials/M_Simple_Cutout_Wind.uasset" 16
"../../../../../../Users/user/Desktop/Project/bomul/Content/AdvancedVillagePack/Textures/Landscape/T_Foliage_Var03_D.uasset" 17
"../../../../../../Users/user/Desktop/Project/bomul/Content/AdvancedVillagePack/Textures/Landscape/T_Foliage_Var03_O.uasset" 18
"../../../../../../Users/user/Desktop/Project/bomul/Content/AdvancedVillagePack/Materials/M_Inst_Landscape_Foliage_Var03.uasset" 19
"../../../../../../Users/user/Desktop/Project/bomul/Content/AdvancedVillagePack/Meshes/SM_GrassPatch_Var03.uasset" 20
"../../../Engine/Content/Functions/Engine_MaterialFunctions01/ImageAdjustment/BlurSampleOffsets.uasset" 21
"../../../Engine/Content/EngineDebugMaterials/HeatmapGradient.uasset" 22
"../../../Engine/Content/Functions/Engine_MaterialFunctions01/ImageAdjustment/CheapContrast_RGB.uasset" 23
"../../../Engine/Content/Functions/Engine_MaterialFunctions02/HueShift.uasset" 24
"../../../Engine/Content/Functions/Engine_MaterialFunctions02/Texturing/ScreenAlignedPixelToPixelUVs.uasset" 25
"../../../Engine/Content/Functions/Engine_MaterialFunctions02/Utility/BlendAngleCorrectedNormals.uasset" 26
"../../../Engine/Content/EngineMaterials/Good64x64TilingNoiseHighFreq.uasset" 27
"../../../Engine/Content/Functions/Engine_MaterialFunctions02/Utility/DitherTemporalAA.uasset" 28
"../../../../../../Users/user/Desktop/Project/bomul/Content/IndustryPropsPack6/Textures/BaseTextures/B_N.uasset" 29
"../../../../../../Users/user/Desktop/Project/bomul/Content/IndustryPropsPack6/Textures/BaseTextures/BB_D.uasset" 30
"../../../../../../Users/user/Desktop/Project/bomul/Content/IndustryPropsPack6/Textures/BaseTextures/BG_D.uasset" 31
"../../../../../../Users/user/Desktop/Project/bomul/Content/IndustryPropsPack6/Textures/BaseTextures/T_MASK1.uasset" 32
"../../../../../../Users/user/Desktop/Project/bomul/Content/IndustryPropsPack6/Textures/BaseTextures/T_MASK2.uasset" 33
"../../../../../../Users/user/Desktop/Project/bomul/Content/IndustryPropsPack6/Materials/BaseMaterial/M_base.uasset" 34
"../../../../../../Users/user/Desktop/Project/bomul/Content/IndustryPropsPack6/Textures/T_Box01_D.uasset" 35
"../../../../../../Users/user/Desktop/Project/bomul/Content/IndustryPropsPack6/Textures/T_Box01_N.uasset" 36
"../../../../../../Users/user/Desktop/Project/bomul/Content/IndustryPropsPack6/Textures/T_Box01_SRM.uasset" 37
"../../../../../../Users/user/Desktop/Project/bomul/Content/IndustryPropsPack6/Materials/MI_Box01_1.uasset" 38
"../../../../../../Users/user/Desktop/Project/bomul/Content/IndustryPropsPack6/Materials/MI_Box01_2.uasset" 39
"../../../../../../Users/user/Desktop/Project/bomul/Content/IndustryPropsPack6/Meshes/SM_Box02.uasset" 40
"../../../../../../Users/user/Desktop/Project/bomul/Content/IndustryPropsPack6/Textures/T_WaterTank01_N.uasset" 41
"../../../../../../Users/user/Desktop/Project/bomul/Content/IndustryPropsPack6/Textures/T_WaterTank01_SRM.uasset" 42
"../../../../../../Users/user/Desktop/Project/bomul/Content/IndustryPropsPack6/Textures/BaseTextures/BW_D.uasset" 43
"../../../../../../Users/user/Desktop/Project/bomul/Content/IndustryPropsPack6/Textures/BaseTextures/TC_HDR01.uasset" 44
"../../../../../../Users/user/Desktop/Project/bomul/Content/Mannequin/Character/Mesh/SK_Mannequin_Skeleton.uasset" 45
"../../../../../../Users/user/Desktop/Project/bomul/Content/Mannequin/Animations/ThirdPerson_Jump.uasset" 46
"../../../../../../Users/user/Desktop/Project/bomul/Content/Mannequin/Character/Mesh/SK_Mannequin_PhysicsAsset.uasset" 47
"../../../../../../Users/user/Desktop/Project/bomul/Content/Menu/MenuResource/Continue0.uasset" 48
"../../../../../../Users/user/Desktop/Project/bomul/Content/Menu/MenuResource/Continue1.uasset" 49
"../../../../../../Users/user/Desktop/Project/bomul/Content/Menu/MenuResource/Continue2.uasset" 50
"../../../../../../Users/user/Desktop/Project/bomul/Content/Menu/MenuResource/GameOver.uasset" 51
"../../../../../../Users/user/Desktop/Project/bomul/Content/Menu/MenuResource/GamePause.uasset" 52
"../../../../../../Users/user/Desktop/Project/bomul/Content/Menu/MenuResource/MissionComplete.uasset" 53
"../../../../../../Users/user/Desktop/Project/bomul/Content/Menu/MenuResource/M_MissionC.uasset" 54
"../../../../../../Users/user/Desktop/Project/bomul/Content/Menu/MenuResource/ProgressTexture.uasset" 55
"../../../../../../Users/user/Desktop/Project/bomul/Content/Menu/MenuResource/Quit1.uasset" 56
"../../../../../../Users/user/Desktop/Project/bomul/Content/Menu/MenuResource/Quit2.uasset" 57
"../../../../../../Users/user/Desktop/Project/bomul/Content/Menu/MenuResource/Replay1.uasset" 58
"../../../../../../Users/user/Desktop/Project/bomul/Content/Menu/MenuResource/Replay2.uasset" 59
"../../../../../../Users/user/Desktop/Project/bomul/Content/Mannequin/Animations/ThirdPersonJump_End.uasset" 60
"../../../../../../Users/user/Desktop/Project/bomul/Content/Mannequin/Animations/ThirdPersonJump_Loop.uasset" 61
"../../../../../../Users/user/Desktop/Project/bomul/Content/Mannequin/Animations/ThirdPersonJump_Start.uasset" 62
"../../../../../../Users/user/Desktop/Project/bomul/Content/Mannequin/Animations/ThirdPersonIdle.uasset" 63
"../../../../../../Users/user/Desktop/Project/bomul/Content/Mannequin/Animations/ThirdPersonRun.uasset" 64
"../../../../../../Users/user/Desktop/Project/bomul/Content/Mannequin/Animations/ThirdPersonWalk.uasset" 65
"../../../../../../Users/user/Desktop/Project/bomul/Content/Mannequin/Animations/ThirdPerson_IdleRun_2D.uasset" 66
"../../../Engine/Content/EditorBlueprintResources/StandardMacros.uasset" 67
"../../../../../../Users/user/Desktop/Project/bomul/Content/Mannequin/Animations/ThirdPerson_AnimBP.uasset" 68
"../../../Engine/Content/Functions/MaterialLayerFunctions/MatLayerBlend_NormalBlend.uasset" 69
"../../../Engine/Content/Functions/MaterialLayerFunctions/MatLayerBlend_Simple.uasset" 70
"../../../../../../Users/user/Desktop/Project/bomul/Content/Mannequin/Character/Materials/MaterialLayers/T_ML_Rubber_Blue_01_D.uasset" 71
"../../../../../../Users/user/Desktop/Project/bomul/Content/Mannequin/Character/Materials/MaterialLayers/T_ML_Rubber_Blue_01_N.uasset" 72
"../../../../../../Users/user/Desktop/Project/bomul/Content/Mannequin/Character/Materials/MaterialLayers/ML_GlossyBlack_Latex_UE4.uasset" 73
"../../../../../../Users/user/Desktop/Project/bomul/Content/Mannequin/Character/Materials/MaterialLayers/ML_Plastic_Shiny_Beige.uasset" 74
"../../../../../../Users/user/Desktop/Project/bomul/Content/Mannequin/Character/Textures/UE4_LOGO_CARD.uasset" 75
"../../../../../../Users/user/Desktop/Project/bomul/Content/Mannequin/Character/Materials/MaterialLayers/ML_Plastic_Shiny_Beige_LOGO.uasset" 76
"../../../../../../Users/user/Desktop/Project/bomul/Content/Mannequin/Character/Materials/MaterialLayers/T_ML_Aluminum01.uasset" 77
"../../../../../../Users/user/Desktop/Project/bomul/Content/Mannequin/Character/Materials/MaterialLayers/T_ML_Aluminum01_N.uasset" 78
"../../../../../../Users/user/Desktop/Project/bomul/Content/Mannequin/Character/Materials/MaterialLayers/ML_SoftMetal_UE4.uasset" 79
"../../../../../../Users/user/Desktop/Project/bomul/Content/Mannequin/Character/Textures/T_UE4_Mannequin_Mobile_M.uasset" 80
"../../../../../../Users/user/Desktop/Project/bomul/Content/Mannequin/Character/Textures/T_UE4_Mannequin_Mobile_N.uasset" 81
"../../../../../../Users/user/Desktop/Project/bomul/Content/Mannequin/Character/Materials/M_UE4Man_Body.uasset" 82
"../../../../../../Users/user/Desktop/Project/bomul/Content/Mannequin/Character/Textures/UE4Man_Logo_N.uasset" 83
"../../../../../../Users/user/Desktop/Project/bomul/Content/Mannequin/Character/Materials/M_UE4Man_ChestLogo.uasset" 84
"../../../../../../Users/user/Desktop/Project/bomul/Content/Mannequin/Character/Mesh/SK_Mannequin.uasset" 85
"../../../../../../Users/user/Desktop/Project/bomul/Content/ThirdPersonBP/Blueprints/ThirdPersonCharacter.uasset" 86
"../../../../../../Users/user/Desktop/Project/bomul/Content/ThirdPersonBP/Blueprints/ThirdPersonGameMode.uasset" 87
"../../../Engine/Content/Animation/DefaultAnimCurveCompressionSettings.uasset" 88
"../../../Engine/Content/Functions/Engine_MaterialFunctions01/Opacity/CameraDepthFade.uasset" 89
"../../../Engine/Content/EngineMaterials/T_Default_Material_Grid_M.uasset" 90
"../../../Engine/Content/EngineMaterials/T_Default_Material_Grid_N.uasset" 91
"../../../Engine/Content/EngineMaterials/WorldGridMaterial.uasset" 92
"../../../Engine/Content/ArtTools/RenderToTexture/Meshes/S_1_Unit_Plane.uasset" 93
"../../../Engine/Content/EngineMaterials/DefaultMaterial.uasset" 94
"../../../Engine/Content/BasicShapes/Cone.uasset" 95
"../../../Engine/Content/BasicShapes/Cylinder.uasset" 96
"../../../Engine/Content/BasicShapes/Plane.uasset" 97
"../../../Engine/Content/BasicShapes/Sphere.uasset" 98
"../../../Engine/Content/EditorLandscapeResources/DataLayer.uasset" 99
"../../../Engine/Content/EditorMaterials/GizmoMaterial.uasset" 100
"../../../Engine/Content/EditorMaterials/MAT_Groups_Toggle.uasset" 101
"../../../Engine/Content/EditorMaterials/MAT_Groups_Visibility.uasset" 102
"../../../Engine/Content/EditorMaterials/PreviewShadowIndicator.uasset" 103
"../../../Engine/Content/EditorMaterials/PreviewShadowIndicatorMaterial.uasset" 104
"../../../Engine/Content/EditorMaterials/MatineeGroups/MAT_ColorTrack.uasset" 105
"../../../Engine/Content/EditorMaterials/MatineeGroups/MAT_Groups_Anim.uasset" 106
"../../../Engine/Content/EditorMaterials/MatineeGroups/MAT_Groups_AudioMaster.uasset" 107
"../../../Engine/Content/EditorMaterials/MatineeGroups/MAT_Groups_Director.uasset" 108
"../../../Engine/Content/EditorMaterials/MatineeGroups/MAT_Groups_Event.uasset" 109
"../../../Engine/Content/EditorMaterials/MatineeGroups/MAT_Groups_Fade.uasset" 110
"../../../Engine/Content/EditorMaterials/MatineeGroups/MAT_Groups_Float.uasset" 111
"../../../Engine/Content/EditorMaterials/MatineeGroups/MAT_Groups_Move.uasset" 112
"../../../Engine/Content/EditorMaterials/MatineeGroups/MAT_Groups_Slomo.uasset" 113
"../../../Engine/Content/EditorMaterials/MatineeGroups/MAT_Groups_Sound.uasset" 114
"../../../Engine/Content/EditorMaterials/MatineeGroups/MAT_Groups_Vector.uasset" 115
"../../../Engine/Content/EditorMaterials/ParticleSystems/PSysThumbnail_NoImage.uasset" 116
"../../../Engine/Content/EditorMaterials/ParticleSystems/PSysThumbnail_OOD.uasset" 117
"../../../Engine/Content/EditorMaterials/Camera/CineMat.uasset" 118
"../../../Engine/Content/EditorMaterials/Camera/MI_CineMat_Rig.uasset" 119
"../../../Engine/Content/EditorMeshes/Camera/SM_CraneRig_Arm.uasset" 120
"../../../Engine/Content/EditorMeshes/Camera/SM_CraneRig_Base.uasset" 121
"../../../Engine/Content/EditorMeshes/Camera/SM_CraneRig_Body.uasset" 122
"../../../Engine/Content/EditorMeshes/Camera/SM_CraneRig_Mount.uasset" 123
"../../../Engine/Content/EditorMeshes/Camera/SM_RailRig_Mount.uasset" 124
"../../../Engine/Content/EditorMeshes/Camera/SM_RailRig_Track.uasset" 125
"../../../Engine/Content/EditorResources/BSPVertex.uasset" 126
"../../../Engine/Content/EditorResources/EmptyActor.uasset" 127
"../../../Engine/Content/EditorResources/S_Actor.uasset" 128
"../../../Engine/Content/EditorResources/S_Note.uasset" 129
"../../../Engine/Content/EditorResources/S_Solver.uasset" 130
"../../../Engine/Content/EditorResources/S_Trigger.uasset" 131
"../../../Engine/Content/EditorResources/LightIcons/S_LightError.uasset" 132
"../../../Engine/Content/EditorResources/SequenceRecorder/Countdown.uasset" 133
"../../../Engine/Content/EditorResources/SequenceRecorder/RecordingIndicator.uasset" 134
"../../../Engine/Content/EditorSounds/Notifications/CompileFailed.uasset" 135
"../../../Engine/Content/EditorSounds/Notifications/CompileFailed_Cue.uasset" 136
"../../../Engine/Content/EditorSounds/Notifications/CompileSuccess.uasset" 137
"../../../Engine/Content/EditorSounds/Notifications/CompileStart_Cue.uasset" 138
"../../../Engine/Content/EditorSounds/Notifications/CompileSuccess_Cue.uasset" 139
"../../../Engine/Content/EngineDamageTypes/DmgTypeBP_Environmental.uasset" 140
"../../../Engine/Content/EngineDebugMaterials/BoneWeightMaterial.uasset" 141
"../../../Engine/Content/EngineDebugMaterials/ClothMaterial.uasset" 142
"../../../Engine/Content/EngineDebugMaterials/ClothMaterial_WF.uasset" 143
"../../../Engine/Content/EngineDebugMaterials/DebugEditorMaterial.uasset" 144
"../../../Engine/Content/EngineDebugMaterials/DebugMeshMaterial.uasset" 145
"../../../Engine/Content/EngineDebugMaterials/GeomMaterial.uasset" 146
"../../../Engine/Content/EngineDebugMaterials/M_SimpleTranslucent.uasset" 147
"../../../Engine/Content/Functions/Engine_MaterialFunctions02/Utility/CameraDirectionVector.uasset" 148
"../../../Engine/Content/EngineDebugMaterials/VolumeToRender.uasset" 149
"../../../Engine/Content/EngineDebugMaterials/M_VolumeRenderSphereTracePP.uasset" 150
"../../../Engine/Content/EngineDebugMaterials/WireframeMaterial.uasset" 151
"../../../Engine/Content/EngineFonts/Faces/RobotoBold.uasset" 152
"../../../Engine/Content/EngineFonts/Faces/RobotoBoldItalic.uasset" 153
"../../../Engine/Content/EngineFonts/Faces/RobotoItalic.uasset" 154
"../../../Engine/Content/EngineFonts/Faces/RobotoLight.uasset" 155
"../../../Engine/Content/EngineFonts/Faces/RobotoRegular.uasset" 156
"../../../Engine/Content/EngineFonts/Roboto.uasset" 157
"../../../Engine/Content/EngineMaterials/BaseFlattenDiffuseMap.uasset" 158
"../../../Engine/Content/EngineMaterials/BaseFlattenEmissiveMap.uasset" 159
"../../../Engine/Content/EngineMaterials/BaseFlattenGrayscaleMap.uasset" 160
"../../../Engine/Content/EngineMaterials/BaseFlattenNormalMap.uasset" 161
"../../../Engine/Content/EngineMaterials/BaseFlattenMaterial.uasset" 162
"../../../Engine/Content/EngineMaterials/BlueNoise.uasset" 163
"../../../Engine/Content/EngineMaterials/DefaultBloomKernel.uasset" 164
"../../../Engine/Content/EngineMaterials/DefaultBokeh.uasset" 165
"../../../Engine/Content/EngineMaterials/DefaultDiffuse.uasset" 166
"../../../Engine/Content/EngineMaterials/DefaultDeferredDecalMaterial.uasset" 167
"../../../Engine/Content/EngineMaterials/DefaultLightFunctionMaterial.uasset" 168
"../../../Engine/Content/Functions/Engine_MaterialFunctions02/Utility/BreakOutFloat2Components.uasset" 169
"../../../Engine/Content/EngineMaterials/DefaultPostProcessMaterial.uasset" 170
"../../../Engine/Content/EngineFonts/RobotoDistanceField.uasset" 171
"../../../Engine/Content/EngineMaterials/DefaultTextMaterialOpaque.uasset" 172
"../../../Engine/Content/EngineMaterials/DefaultVirtualTextureMaterial.uasset" 173
"../../../Engine/Content/EngineMaterials/DefaultWhiteGrid.uasset" 174
"../../../Engine/Content/EngineMaterials/EditorBrushMaterial.uasset" 175
"../../../Engine/Content/EngineMaterials/DefaultWhiteGrid_Low.uasset" 176
"../../../Engine/Content/EngineMaterials/EmissiveMeshMaterial.uasset" 177
"../../../Engine/Content/EngineMaterials/MiniFont.uasset" 178
"../../../Engine/Content/EngineMaterials/InvalidLightmapSettings.uasset" 179
"../../../Engine/Content/EngineMaterials/M_InvalidLightmapSettings.uasset" 180
"../../../Engine/Content/Functions/Engine_MaterialFunctions02/WorldPositionOffset/CameraOffset.uasset" 181
"../../../Engine/Content/EngineMaterials/PhAT_JointLimitMaterial.uasset" 182
"../../../Engine/Content/EngineMaterials/PreintegratedSkinBRDF.uasset" 183
"../../../Engine/Content/EngineMaterials/RemoveSurfaceMaterial.uasset" 184
"../../../Engine/Content/EngineMaterials/WeightMapPlaceholderTexture.uasset" 185
"../../../Engine/Content/EngineResources/WhiteSquareTexture.uasset" 186
"../../../Engine/Content/EngineMaterials/Widget3DPassThrough.uasset" 187
"../../../Engine/Content/EngineMaterials/Widget3DPassThrough_Masked.uasset" 188
"../../../Engine/Content/EngineMaterials/Widget3DPassThrough_Opaque.uasset" 189
"../../../Engine/Content/EngineMaterials/Widget3DPassThrough_Masked_OneSided.uasset" 190
"../../../Engine/Content/EngineMaterials/Widget3DPassThrough_Opaque_OneSided.uasset" 191
"../../../Engine/Content/EngineMaterials/Widget3DPassThrough_Translucent.uasset" 192
"../../../Engine/Content/EngineMaterials/Widget3DPassThrough_Translucent_OneSided.uasset" 193
"../../../Engine/Content/EngineMeshes/Cylinder.uasset" 194
"../../../Engine/Content/EngineMeshes/Sphere.uasset" 195
"../../../Engine/Content/EngineResources/Black.uasset" 196
"../../../Engine/Content/EngineResources/DefaultTexture.uasset" 197
"../../../Engine/Content/EngineResources/DefaultTextureCube.uasset" 198
"../../../Engine/Content/EngineResources/DefaultVolumeTexture2D.uasset" 199
"../../../Engine/Content/EngineResources/DefaultVolumeTexture.uasset" 200
"../../../Engine/Content/EngineResources/GradientTexture0.uasset" 201
"../../../Engine/Content/EngineSounds/Master.uasset" 202
"../../../Engine/Content/Functions/Engine_MaterialFunctions01/Shading/ConvertFromDiffSpec.uasset" 203
"../../../Engine/Content/Functions/Engine_MaterialFunctions01/Shading/PowerToRoughness.uasset" 204
"../../../Engine/Content/Maps/Templates/Thumbnails/Default.uasset" 205
"../../../Engine/Content/Maps/Templates/Thumbnails/VR-Basic.uasset" 206
"../../../Engine/Content/MobileResources/T_MobileControls_texture.uasset" 207
"../../../Engine/Content/MobileResources/T_MobileMenu2.uasset" 208
"../../../Engine/Content/MobileResources/HUD/AnalogHat.uasset" 209
"../../../Engine/Content/MobileResources/HUD/VirtualJoystick_Background.uasset" 210
"../../../Engine/Content/MobileResources/HUD/VirtualJoystick_Thumb.uasset" 211
"../../../Engine/Content/MobileResources/HUD/DefaultVirtualJoysticks.uasset" 212
"../../../Engine/Content/MobileResources/HUD/LeftVirtualJoystickOnly.uasset" 213
"../../../Engine/Content/MobileResources/HUD/MobileHUDButton1_off.uasset" 214
"../../../Engine/Content/MobileResources/HUD/MobileHUDButton1_on.uasset" 215
"../../../Engine/Content/MobileResources/HUD/MobileHUDButton2_off.uasset" 216
"../../../Engine/Content/MobileResources/HUD/MobileHUDButton2_on.uasset" 217
"../../../Engine/Content/MobileResources/HUD/MobileHUDButton3.uasset" 218
"../../../Engine/Content/MobileResources/HUD/MobileHUDButtonFire.uasset" 219
"../../../Engine/Content/MobileResources/HUD/MobileHUDDirectionPad.uasset" 220
"../../../Engine/Content/MobileResources/HUD/MobileHUDDirectionPad2.uasset" 221
"../../../Engine/Content/MobileResources/HUD/MobileHUDDirectionPad3.uasset" 222
"../../../Engine/Content/MobileResources/HUD/MobileHUDDirectionStick.uasset" 223
"../../../Engine/Content/MobileResources/HUD/T_Castle_ThumbstickInner.uasset" 224
"../../../Engine/Content/MobileResources/HUD/T_Castle_ThumbstickOutter.uasset" 225
"../../../Engine/Content/Tutorial/ContentIntroCurve.uasset" 226
"../../../Engine/Content/Tutorial/Basics/LevelEditorAttract.uasset" 227
"../../../Engine/Content/Tutorial/BlueprintTutorials/TutorialAssets/Blueprint_64x.uasset" 228
"../../../Engine/Content/Tutorial/BlueprintTutorials/BlueprintEditorTutorial.uasset" 229
"../../../Engine/Content/VREditor/LaserPointer/VR_LaserPower_01.uasset" 230
"../../../Engine/Content/VREditor/TransformGizmo/TransformGizmoMaterial.uasset" 231
"../../../Engine/Content/VREditor/TransformGizmo/TranslucentTransformGizmoMaterial.uasset" 232
"../../../Engine/Content/VREditor/TransformGizmo/BoundingBoxCorner.uasset" 233
"../../../Engine/Content/VREditor/TransformGizmo/BoundingBoxEdge.uasset" 234
"../../../Engine/Content/VREditor/TransformGizmo/PlaneTranslationHandle.uasset" 235
"../../../Engine/Content/VREditor/TransformGizmo/Main.uasset" 236
"../../../Engine/Content/VREditor/TransformGizmo/Xray.uasset" 237
"../../../Engine/Content/VREditor/TransformGizmo/SM_Sequencer_Key.uasset" 238
"../../../Engine/Content/VREditor/TransformGizmo/SM_Sequencer_Node.uasset" 239
"../../Plugins/2D/Paper2D/Content/PlaceholderTextures/DummySpriteTexture.uasset" 240
"../../Plugins/2D/Paper2D/Content/DummySprite.uasset" 241
"../../Plugins/2D/Paper2D/Content/DefaultPaperTerrainMaterial.uasset" 242
"../../Plugins/2D/Paper2D/Content/DummySpriteTexture.uasset" 243
"../../Plugins/2D/Paper2D/Content/DefaultSpriteMaterial.uasset" 244
"../../Plugins/2D/Paper2D/Content/MaskedUnlitSpriteMaterial.uasset" 245
"../../Plugins/2D/Paper2D/Content/OpaqueUnlitSpriteMaterial.uasset" 246
"../../Plugins/Runtime/Oculus/OculusVR/Content/OculusMR_RenderTarget.uasset" 247
"../../../Engine/Content/Functions/Engine_MaterialFunctions02/Utility/BreakOutFloat4Components.uasset" 248
"../../../Engine/Content/Functions/Engine_MaterialFunctions02/Utility/MakeFloat2.uasset" 249
"../../../Engine/Content/Functions/Engine_MaterialFunctions02/Utility/MakeFloat3.uasset" 250
"../../Plugins/Runtime/Oculus/OculusVR/Content/Materials/OculusMR_ChromaKey.uasset" 251
"../../Plugins/Runtime/Oculus/OculusVR/Content/Materials/OculusMR_ChromaKey_Lit.uasset" 252
"../../Plugins/Runtime/Oculus/OculusVR/Content/Materials/OculusMR_OpaqueColoredMaterial.uasset" 253
"../../Plugins/Runtime/Oculus/OculusVR/Content/Materials/OculusMR_WhiteMaterial.uasset" 254
"../../../Engine/Content/EngineSky/C_Sky_Cloud_Color.uasset" 255
"../../../Engine/Content/EngineSky/C_Sky_Horizon_Color.uasset" 256
"../../../Engine/Content/EngineSky/C_Sky_Zenith_Color.uasset" 257
"../../../Engine/Content/EngineSky/T_Sky_Blue.uasset" 258
"../../../Engine/Content/EngineSky/T_Sky_Clouds_M.uasset" 259
"../../../Engine/Content/EngineSky/T_Sky_Stars.uasset" 260
"../../../Engine/Content/EngineSky/M_Sky_Panning_Clouds2.uasset" 261
"../../../Engine/Content/EngineSky/SM_SkySphere.uasset" 262
"../../../Engine/Content/EngineSky/BP_Sky_Sphere.uasset" 263
"../../../../../../Users/user/Desktop/Project/bomul/Content/AdvancedVillagePack/Animations/Butterfly_Anim_Var01_Anim.uasset" 264
"../../../../../../Users/user/Desktop/Project/bomul/Content/AdvancedVillagePack/Animations/Butterfly_Anim_Var02_Anim.uasset" 265
"../../../../../../Users/user/Desktop/Project/bomul/Content/AdvancedVillagePack/Animations/Butterfly_Anim_Var03_Anim.uasset" 266
"../../../../../../Users/user/Desktop/Project/bomul/Content/AdvancedVillagePack/Animations/Butterfly_Anim_Var04_Anim.uasset" 267
"../../../../../../Users/user/Desktop/Project/bomul/Content/AdvancedVillagePack/Animations/Butterfly_Anim_Var05_Anim.uasset" 268
"../../../../../../Users/user/Desktop/Project/bomul/Content/AdvancedVillagePack/Textures/Effects/T_Butterflies_D.uasset" 269
"../../../../../../Users/user/Desktop/Project/bomul/Content/AdvancedVillagePack/Textures/Effects/T_Butterflies_O.uasset" 270
"../../../../../../Users/user/Desktop/Project/bomul/Content/AdvancedVillagePack/Materials/M_Simple_Cutout.uasset" 271
"../../../../../../Users/user/Desktop/Project/bomul/Content/AdvancedVillagePack/Materials/M_Inst_Butterflies.uasset" 272
"../../../../../../Users/user/Desktop/Project/bomul/Content/AdvancedVillagePack/Animations/Butterfly_Anim_Var01.uasset" 273
"../../../../../../Users/user/Desktop/Project/bomul/Content/AdvancedVillagePack/Meshes/ButterflyBody.uasset" 274
"../../../../../../Users/user/Desktop/Project/bomul/Content/AdvancedVillagePack/Meshes/ButterflyWing.uasset" 275
"../../../../../../Users/user/Desktop/Project/bomul/Content/AdvancedVillagePack/Blueprints/BP_Butterfly.uasset" 276
"../../../../../../Users/user/Desktop/Project/bomul/Content/AdvancedVillagePack/Textures/T_Pack_11_Leafs_DO.uasset" 277
"../../../../../../Users/user/Desktop/Project/bomul/Content/AdvancedVillagePack/Materials/M_Pfx_Additive.uasset" 278
"../../../../../../Users/user/Desktop/Project/bomul/Content/AdvancedVillagePack/Textures/Effects/T_Pfx_FlamesAtlas.uasset" 279
"../../../../../../Users/user/Desktop/Project/bomul/Content/AdvancedVillagePack/Materials/M_Inst_Pfx_Flames.uasset" 280
"../../../../../../Users/user/Desktop/Project/bomul/Content/AdvancedVillagePack/Textures/Effects/T_Pfx_Spark.uasset" 281
"../../../../../../Users/user/Desktop/Project/bomul/Content/AdvancedVillagePack/Materials/M_Inst_Pfx_Sparks.uasset" 282
"../../../../../../Users/user/Desktop/Project/bomul/Content/AdvancedVillagePack/Effects/Pfx_FireCamp.uasset" 283
"../../../../../../Users/user/Desktop/Project/bomul/Content/AdvancedVillagePack/Effects/Pfx_LightInsectsCampFire.uasset" 284
"../../../../../../Users/user/Desktop/Project/bomul/Content/AdvancedVillagePack/Materials/M_Pfx_TranslucentLit.uasset" 285
"../../../../../../Users/user/Desktop/Project/bomul/Content/AdvancedVillagePack/Textures/Effects/T_Pfx_Smoke.uasset" 286
"../../../../../../Users/user/Desktop/Project/bomul/Content/AdvancedVillagePack/Materials/M_Inst_Pfx_SmokeChimney.uasset" 287
"../../../../../../Users/user/Desktop/Project/bomul/Content/AdvancedVillagePack/Effects/Pfx_SmokeFireCamp.uasset" 288
"../../../../../../Users/user/Desktop/Project/bomul/Content/AdvancedVillagePack/Textures/T_Detail_N.uasset" 289
"../../../../../../Users/user/Desktop/Project/bomul/Content/AdvancedVillagePack/Textures/T_Pack_01_D.uasset" 290
"../../../../../../Users/user/Desktop/Project/bomul/Content/AdvancedVillagePack/Textures/T_Pack_01_N.uasset" 291
"../../../../../../Users/user/Desktop/Project/bomul/Content/AdvancedVillagePack/Textures/T_Pack_01_RM.uasset" 292
"../../../../../../Users/user/Desktop/Project/bomul/Content/AdvancedVillagePack/Textures/T_Pack_03_E.uasset" 293
"../../../../../../Users/user/Desktop/Project/bomul/Content/AdvancedVillagePack/Materials/M_Uber.uasset" 294
"../../../../../../Users/user/Desktop/Project/bomul/Content/AdvancedVillagePack/Textures/T_Pack_02_D.uasset" 295
"../../../../../../Users/user/Desktop/Project/bomul/Content/AdvancedVillagePack/Textures/T_Pack_02_N.uasset" 296
"../../../../../../Users/user/Desktop/Project/bomul/Content/AdvancedVillagePack/Textures/T_Pack_02_RM.uasset" 297
"../../../../../../Users/user/Desktop/Project/bomul/Content/AdvancedVillagePack/Materials/M_Inst_Pack_02.uasset" 298
"../../../../../../Users/user/Desktop/Project/bomul/Content/AdvancedVillagePack/Meshes/SM_Fish.uasset" 299
"../../../../../../Users/user/Desktop/Project/bomul/Content/AdvancedVillagePack/Textures/T_Pack_06_D.uasset" 300
"../../../../../../Users/user/Desktop/Project/bomul/Content/AdvancedVillagePack/Textures/T_Pack_06_N.uasset" 301
"../../../../../../Users/user/Desktop/Project/bomul/Content/AdvancedVillagePack/Textures/T_Pack_06_RM.uasset" 302
"../../../../../../Users/user/Desktop/Project/bomul/Content/AdvancedVillagePack/Materials/M_Inst_Pack_06.uasset" 303
"../../../../../../Users/user/Desktop/Project/bomul/Content/AdvancedVillagePack/Meshes/SM_Log_Var01.uasset" 304
"../../../../../../Users/user/Desktop/Project/bomul/Content/AdvancedVillagePack/Meshes/SM_Log_Var02.uasset" 305
"../../../../../../Users/user/Desktop/Project/bomul/Content/AdvancedVillagePack/Meshes/SM_Log_Var03.uasset" 306
"../../../../../../Users/user/Desktop/Project/bomul/Content/AdvancedVillagePack/Meshes/SM_Spike.uasset" 307
"../../../../../../Users/user/Desktop/Project/bomul/Content/AdvancedVillagePack/Textures/T_Pack_08_D.uasset" 308
"../../../../../../Users/user/Desktop/Project/bomul/Content/AdvancedVillagePack/Textures/T_Pack_08_N.uasset" 309
"../../../../../../Users/user/Desktop/Project/bomul/Content/AdvancedVillagePack/Textures/T_Pack_08_RM.uasset" 310
"../../../../../../Users/user/Desktop/Project/bomul/Content/AdvancedVillagePack/Materials/M_Inst_Pack_08.uasset" 311
"../../../../../../Users/user/Desktop/Project/bomul/Content/AdvancedVillagePack/Meshes/SM_Stone_Small_Var01.uasset" 312
"../../../../../../Users/user/Desktop/Project/bomul/Content/AdvancedVillagePack/Meshes/SM_Stone_Small_Var02.uasset" 313
"../../../../../../Users/user/Desktop/Project/bomul/Content/AdvancedVillagePack/Meshes/SM_Stone_Small_Var03.uasset" 314
"../../../../../../Users/user/Desktop/Project/bomul/Content/AdvancedVillagePack/Meshes/SM_Stone_Small_Var04.uasset" 315
"../../../../../../Users/user/Desktop/Project/bomul/Content/AdvancedVillagePack/Meshes/SM_Stone_Small_Var05.uasset" 316
"../../../../../../Users/user/Desktop/Project/bomul/Content/AdvancedVillagePack/Blueprints/BP_CampFire.uasset" 317
"../../../../../../Users/user/Desktop/Project/bomul/Content/AdvancedVillagePack/Blueprints/Misc/BP_Interface_OnDayOnNight.uasset" 318
"../../../../../../Users/user/Desktop/Project/bomul/Content/AdvancedVillagePack/Blueprints/BP_CampFire_OnDayOnNight.uasset" 319
"../../../../../../Users/user/Desktop/Project/bomul/Content/AdvancedVillagePack/Effects/Pfx_FireTorch.uasset" 320
"../../../../../../Users/user/Desktop/Project/bomul/Content/AdvancedVillagePack/Effects/Pfx_SmokeChimney.uasset" 321
"../../../../../../Users/user/Desktop/Project/bomul/Content/AdvancedVillagePack/Textures/T_Pack_04_D.uasset" 322
"../../../../../../Users/user/Desktop/Project/bomul/Content/AdvancedVillagePack/Textures/T_Pack_04_E.uasset" 323
"../../../../../../Users/user/Desktop/Project/bomul/Content/AdvancedVillagePack/Textures/T_Pack_04_N.uasset" 324
"../../../../../../Users/user/Desktop/Project/bomul/Content/AdvancedVillagePack/Textures/T_Pack_04_RM.uasset" 325
"../../../../../../Users/user/Desktop/Project/bomul/Content/AdvancedVillagePack/Materials/M_Inst_Pack_04.uasset" 326
"../../../../../../Users/user/Desktop/Project/bomul/Content/AdvancedVillagePack/Meshes/SM_House_Var01.uasset" 327
"../../../../../../Users/user/Desktop/Project/bomul/Content/AdvancedVillagePack/Textures/T_Pack_05_D.uasset" 328
"../../../../../../Users/user/Desktop/Project/bomul/Content/AdvancedVillagePack/Textures/T_Pack_05_E.uasset" 329
"../../../../../../Users/user/Desktop/Project/bomul/Content/AdvancedVillagePack/Textures/T_Pack_05_N.uasset" 330
"../../../../../../Users/user/Desktop/Project/bomul/Content/AdvancedVillagePack/Textures/T_Pack_05_RM.uasset" 331
"../../../../../../Users/user/Desktop/Project/bomul/Content/AdvancedVillagePack/Materials/M_Inst_Pack_05.uasset" 332
"../../../../../../Users/user/Desktop/Project/bomul/Content/AdvancedVillagePack/Meshes/SM_House_Var01_Extra01.uasset" 333
"../../../../../../Users/user/Desktop/Project/bomul/Content/AdvancedVillagePack/Meshes/SM_House_Var01_Extra02.uasset" 334
"../../../../../../Users/user/Desktop/Project/bomul/Content/AdvancedVillagePack/Meshes/SM_House_Var01_Extra03.uasset" 335
"../../../../../../Users/user/Desktop/Project/bomul/Content/AdvancedVillagePack/Meshes/SM_House_Var01_Extra04.uasset" 336
"../../../../../../Users/user/Desktop/Project/bomul/Content/AdvancedVillagePack/Meshes/SM_House_Var01_Extra05.uasset" 337
"../../../../../../Users/user/Desktop/Project/bomul/Content/AdvancedVillagePack/Meshes/SM_House_Var01_Extra06.uasset" 338
"../../../../../../Users/user/Desktop/Project/bomul/Content/AdvancedVillagePack/Meshes/SM_House_Var01_Extra07.uasset" 339
"../../../../../../Users/user/Desktop/Project/bomul/Content/AdvancedVillagePack/Meshes/SM_House_Var01_Extra08.uasset" 340
"../../../../../../Users/user/Desktop/Project/bomul/Content/AdvancedVillagePack/Meshes/SM_Torch_Var02.uasset" 341
"../../../../../../Users/user/Desktop/Project/bomul/Content/AdvancedVillagePack/Blueprints/BP_House_Var01.uasset" 342
"../../../../../../Users/user/Desktop/Project/bomul/Content/AdvancedVillagePack/Blueprints/BP_House_Var01_OnDayOnNight.uasset" 343
"../../../../../../Users/user/Desktop/Project/bomul/Content/AdvancedVillagePack/Textures/T_Pack_09_D.uasset" 344
"../../../../../../Users/user/Desktop/Project/bomul/Content/AdvancedVillagePack/Textures/T_Pack_09_E.uasset" 345
"../../../../../../Users/user/Desktop/Project/bomul/Content/AdvancedVillagePack/Textures/T_Pack_09_N.uasset" 346
"../../../../../../Users/user/Desktop/Project/bomul/Content/AdvancedVillagePack/Textures/T_Pack_09_RM.uasset" 347
"../../../../../../Users/user/Desktop/Project/bomul/Content/AdvancedVillagePack/Materials/M_Inst_Pack_09.uasset" 348
"../../../../../../Users/user/Desktop/Project/bomul/Content/AdvancedVillagePack/Meshes/SM_House_Var02.uasset" 349
"../../../../../../Users/user/Desktop/Project/bomul/Content/AdvancedVillagePack/Meshes/SM_House_Var02_Extra.uasset" 350
"../../../../../../Users/user/Desktop/Project/bomul/Content/AdvancedVillagePack/Blueprints/BP_House_Var02.uasset" 351
"../../../../../../Users/user/Desktop/Project/bomul/Content/AdvancedVillagePack/Blueprints/BP_House_Var02_OnDayOnNight.uasset" 352
"../../../../../../Users/user/Desktop/Project/bomul/Content/AdvancedVillagePack/Effects/Pfx_LightInsects.uasset" 353
"../../../../../../Users/user/Desktop/Project/bomul/Content/AdvancedVillagePack/Textures/T_Pack_03_D.uasset" 354
"../../../../../../Users/user/Desktop/Project/bomul/Content/AdvancedVillagePack/Textures/T_Pack_03_N.uasset" 355
"../../../../../../Users/user/Desktop/Project/bomul/Content/AdvancedVillagePack/Textures/T_Pack_03_RM.uasset" 356
"../../../../../../Users/user/Desktop/Project/bomul/Content/AdvancedVillagePack/Materials/M_Inst_Pack_03.uasset" 357
"../../../../../../Users/user/Desktop/Project/bomul/Content/AdvancedVillagePack/Meshes/SM_StreetLight.uasset" 358
"../../../../../../Users/user/Desktop/Project/bomul/Content/AdvancedVillagePack/Blueprints/BP_Street_Lamp.uasset" 359
"../../../../../../Users/user/Desktop/Project/bomul/Content/AdvancedVillagePack/Blueprints/BP_Street_Lamp_OnDayOnNight.uasset" 360
"../../../../../../Users/user/Desktop/Project/bomul/Content/AdvancedVillagePack/Materials/M_Pfx_Diffuse_TwoSidedFoliage.uasset" 361
"../../../../../../Users/user/Desktop/Project/bomul/Content/AdvancedVillagePack/Materials/M_Inst_Pfx_Leafs.uasset" 362
"../../../../../../Users/user/Desktop/Project/bomul/Content/AdvancedVillagePack/Effects/Pfx_FallingLeafs.uasset" 363
"../../../../../../Users/user/Desktop/Project/bomul/Content/AdvancedVillagePack/Textures/T_Pack_TreeLeafs_D.uasset" 364
"../../../../../../Users/user/Desktop/Project/bomul/Content/AdvancedVillagePack/Textures/T_Pack_TreeLeafs_Mask.uasset" 365
"../../../../../../Users/user/Desktop/Project/bomul/Content/AdvancedVillagePack/Textures/T_Pack_TreeLeafs_O.uasset" 366
"../../../../../../Users/user/Desktop/Project/bomul/Content/AdvancedVillagePack/Textures/T_Pack_TreeLeafs_RM.uasset" 367
"../../../../../../Users/user/Desktop/Project/bomul/Content/AdvancedVillagePack/Materials/M_Uber_Cutout_Wind.uasset" 368
"../../../../../../Users/user/Desktop/Project/bomul/Content/AdvancedVillagePack/Materials/M_Inst_TreeLeafs.uasset" 369
"../../../../../../Users/user/Desktop/Project/bomul/Content/AdvancedVillagePack/Textures/T_Pack_TreeTrunks_D.uasset" 370
"../../../../../../Users/user/Desktop/Project/bomul/Content/AdvancedVillagePack/Textures/T_Pack_TreeTrunks_N.uasset" 371
"../../../../../../Users/user/Desktop/Project/bomul/Content/AdvancedVillagePack/Textures/T_Pack_TreeTrunks_RM.uasset" 372
"../../../../../../Users/user/Desktop/Project/bomul/Content/AdvancedVillagePack/Materials/M_Inst_TreeTrunks.uasset" 373
"../../../../../../Users/user/Desktop/Project/bomul/Content/AdvancedVillagePack/Meshes/SM_Tree_Var01.uasset" 374
"../../../../../../Users/user/Desktop/Project/bomul/Content/AdvancedVillagePack/Meshes/SM_Tree_Var02.uasset" 375
"../../../../../../Users/user/Desktop/Project/bomul/Content/AdvancedVillagePack/Meshes/SM_Tree_Var03.uasset" 376
"../../../../../../Users/user/Desktop/Project/bomul/Content/AdvancedVillagePack/Meshes/SM_Tree_Var04.uasset" 377
"../../../../../../Users/user/Desktop/Project/bomul/Content/AdvancedVillagePack/Meshes/SM_Tree_Var05.uasset" 378
"../../../../../../Users/user/Desktop/Project/bomul/Content/AdvancedVillagePack/Blueprints/BP_Tree.uasset" 379
"../../../../../../Users/user/Desktop/Project/bomul/Content/AdvancedVillagePack/Textures/T_Pack_06_O.uasset" 380
"../../../../../../Users/user/Desktop/Project/bomul/Content/AdvancedVillagePack/Materials/M_Uber_Cutout.uasset" 381
"../../../../../../Users/user/Desktop/Project/bomul/Content/AdvancedVillagePack/Materials/M_Inst_Pack_06_Cutout.uasset" 382
"../../../../../../Users/user/Desktop/Project/bomul/Content/AdvancedVillagePack/Meshes/SM_Flower_Var01.uasset" 383
"../../../../../../Users/user/Desktop/Project/bomul/Content/AdvancedVillagePack/Meshes/SM_Flower_Var02.uasset" 384
"../../../../../../Users/user/Desktop/Project/bomul/Content/AdvancedVillagePack/Meshes/SM_Flower_Var03.uasset" 385
"../../../../../../Users/user/Desktop/Project/bomul/Content/AdvancedVillagePack/Meshes/SM_Flower_Var04.uasset" 386
"../../../../../../Users/user/Desktop/Project/bomul/Content/AdvancedVillagePack/Meshes/SM_Flower_Var05.uasset" 387
"../../../../../../Users/user/Desktop/Project/bomul/Content/AdvancedVillagePack/Meshes/SM_Flower_Var06.uasset" 388
"../../../../../../Users/user/Desktop/Project/bomul/Content/AdvancedVillagePack/Materials/M_Inst_Landscape_Foliage_Var01.uasset" 389
"../../../../../../Users/user/Desktop/Project/bomul/Content/AdvancedVillagePack/Meshes/SM_GrassPatch_Var01.uasset" 390
"../../../../../../Users/user/Desktop/Project/bomul/Content/AdvancedVillagePack/Textures/Landscape/T_Foliage_Var02_D.uasset" 391
"../../../../../../Users/user/Desktop/Project/bomul/Content/AdvancedVillagePack/Textures/Landscape/T_Foliage_Var02_O.uasset" 392
"../../../../../../Users/user/Desktop/Project/bomul/Content/AdvancedVillagePack/Materials/M_Inst_Landscape_Foliage_Var02.uasset" 393
"../../../../../../Users/user/Desktop/Project/bomul/Content/AdvancedVillagePack/Meshes/SM_GrassPatch_Var02.uasset" 394
"../../../../../../Users/user/Desktop/Project/bomul/Content/AdvancedVillagePack/Meshes/SM_Well.uasset" 395
"../../../../../../Users/user/Desktop/Project/bomul/Content/AdvancedVillagePack/Meshes/SM_Well_Extra01.uasset" 396
"../../../../../../Users/user/Desktop/Project/bomul/Content/AdvancedVillagePack/Meshes/SM_Well_Extra02.uasset" 397
"../../../../../../Users/user/Desktop/Project/bomul/Content/AdvancedVillagePack/Meshes/SM_Well_Extra03.uasset" 398
"../../../../../../Users/user/Desktop/Project/bomul/Content/AdvancedVillagePack/Meshes/SM_Well_Extra04.uasset" 399
"../../../../../../Users/user/Desktop/Project/bomul/Content/AdvancedVillagePack/Blueprints/BP_Well.uasset" 400
"../../../../../../Users/user/Desktop/Project/bomul/Content/AdvancedVillagePack/Blueprints/Misc/BP_Misc_Text.uasset" 401
"../../../Engine/Content/TemplateResources/M_Template_Master.uasset" 402
"../../../Engine/Content/TemplateResources/MI_Template_BaseGray_03_Metal.uasset" 403
"../../../../../../Users/user/Desktop/Project/bomul/Content/AdvancedVillagePack/Materials/M_Pfx_DustParticles.uasset" 404
"../../../../../../Users/user/Desktop/Project/bomul/Content/AdvancedVillagePack/Effects/Pfx_DustParticles.uasset" 405
"../../../../../../Users/user/Desktop/Project/bomul/Content/AdvancedVillagePack/Effects/Pfx_Mist.uasset" 406
"../../../../../../Users/user/Desktop/Project/bomul/Content/AdvancedVillagePack/Meshes/SM_Apple.uasset" 407
"../../../../../../Users/user/Desktop/Project/bomul/Content/AdvancedVillagePack/Meshes/SM_Axe.uasset" 408
"../../../../../../Users/user/Desktop/Project/bomul/Content/AdvancedVillagePack/Materials/M_Inst_Pack_01.uasset" 409
"../../../../../../Users/user/Desktop/Project/bomul/Content/AdvancedVillagePack/Meshes/SM_Barrel.uasset" 410
"../../../../../../Users/user/Desktop/Project/bomul/Content/AdvancedVillagePack/Textures/T_Pack_07_D.uasset" 411
"../../../../../../Users/user/Desktop/Project/bomul/Content/AdvancedVillagePack/Textures/T_Pack_07_N.uasset" 412
"../../../../../../Users/user/Desktop/Project/bomul/Content/AdvancedVillagePack/Textures/T_Pack_07_RM.uasset" 413
"../../../../../../Users/user/Desktop/Project/bomul/Content/AdvancedVillagePack/Materials/M_Inst_Pack_07.uasset" 414
"../../../../../../Users/user/Desktop/Project/bomul/Content/AdvancedVillagePack/Meshes/SM_Boat.uasset" 415
"../../../../../../Users/user/Desktop/Project/bomul/Content/AdvancedVillagePack/Meshes/SM_Bridge_Var01.uasset" 416
"../../../../../../Users/user/Desktop/Project/bomul/Content/AdvancedVillagePack/Meshes/SM_Bridge_Var02.uasset" 417
"../../../../../../Users/user/Desktop/Project/bomul/Content/AdvancedVillagePack/Meshes/SM_Bridge_Var03.uasset" 418
"../../../../../../Users/user/Desktop/Project/bomul/Content/AdvancedVillagePack/Meshes/SM_Bridge_Var04.uasset" 419
"../../../../../../Users/user/Desktop/Project/bomul/Content/AdvancedVillagePack/Meshes/SM_Bucket.uasset" 420
"../../../../../../Users/user/Desktop/Project/bomul/Content/AdvancedVillagePack/Meshes/SM_Cart_Var01.uasset" 421
"../../../../../../Users/user/Desktop/Project/bomul/Content/AdvancedVillagePack/Meshes/SM_Cart_Var02.uasset" 422
"../../../../../../Users/user/Desktop/Project/bomul/Content/AdvancedVillagePack/Meshes/SM_Cauldron.uasset" 423
"../../../../../../Users/user/Desktop/Project/bomul/Content/AdvancedVillagePack/Meshes/SM_Crate_Closed.uasset" 424
"../../../../../../Users/user/Desktop/Project/bomul/Content/AdvancedVillagePack/Meshes/SM_Crate_Open.uasset" 425
"../../../../../../Users/user/Desktop/Project/bomul/Content/AdvancedVillagePack/Meshes/SM_Fence_Var01.uasset" 426
"../../../../../../Users/user/Desktop/Project/bomul/Content/AdvancedVillagePack/Meshes/SM_Fence_Var02.uasset" 427
"../../../../../../Users/user/Desktop/Project/bomul/Content/AdvancedVillagePack/Meshes/SM_Fence_Var03.uasset" 428
"../../../../../../Users/user/Desktop/Project/bomul/Content/AdvancedVillagePack/Meshes/SM_Fence_Var04.uasset" 429
"../../../../../../Users/user/Desktop/Project/bomul/Content/AdvancedVillagePack/Meshes/SM_Hay_Small_Var01.uasset" 430
"../../../../../../Users/user/Desktop/Project/bomul/Content/AdvancedVillagePack/Meshes/SM_Hay_Small_Var02.uasset" 431
"../../../../../../Users/user/Desktop/Project/bomul/Content/AdvancedVillagePack/Meshes/SM_Hay_Stack.uasset" 432
"../../../../../../Users/user/Desktop/Project/bomul/Content/AdvancedVillagePack/Materials/M_Inst_Pack_05_LightsOn.uasset" 433
"../../../../../../Users/user/Desktop/Project/bomul/Content/AdvancedVillagePack/Meshes/SM_House_Var01_Extra01_LightsOn.uasset" 434
"../../../../../../Users/user/Desktop/Project/bomul/Content/AdvancedVillagePack/Meshes/SM_House_Var01_Extra02_LightsOn.uasset" 435
"../../../../../../Users/user/Desktop/Project/bomul/Content/AdvancedVillagePack/Materials/M_Inst_Pack_04_LightsOn.uasset" 436
"../../../../../../Users/user/Desktop/Project/bomul/Content/AdvancedVillagePack/Meshes/SM_House_Var01_LightsOn.uasset" 437
"../../../../../../Users/user/Desktop/Project/bomul/Content/AdvancedVillagePack/Materials/M_Inst_Pack_09_LightsOn.uasset" 438
"../../../../../../Users/user/Desktop/Project/bomul/Content/AdvancedVillagePack/Meshes/SM_House_Var02_LightsOn.uasset" 439
"../../../../../../Users/user/Desktop/Project/bomul/Content/AdvancedVillagePack/Meshes/SM_Ladder.uasset" 440
"../../../../../../Users/user/Desktop/Project/bomul/Content/AdvancedVillagePack/Meshes/SM_Log_Var04.uasset" 441
"../../../../../../Users/user/Desktop/Project/bomul/Content/AdvancedVillagePack/Meshes/SM_Logs_Var01.uasset" 442
"../../../../../../Users/user/Desktop/Project/bomul/Content/AdvancedVillagePack/Meshes/SM_Logs_Var02.uasset" 443
"../../../../../../Users/user/Desktop/Project/bomul/Content/AdvancedVillagePack/Meshes/SM_Mushroom_Var01.uasset" 444
"../../../../../../Users/user/Desktop/Project/bomul/Content/AdvancedVillagePack/Meshes/SM_Mushroom_Var02.uasset" 445
"../../../../../../Users/user/Desktop/Project/bomul/Content/AdvancedVillagePack/Meshes/SM_Mushroom_Var03.uasset" 446
"../../../../../../Users/user/Desktop/Project/bomul/Content/AdvancedVillagePack/Meshes/SM_Mushroom_Var04.uasset" 447
"../../../../../../Users/user/Desktop/Project/bomul/Content/AdvancedVillagePack/Meshes/SM_Mushroom_Var05.uasset" 448
"../../../../../../Users/user/Desktop/Project/bomul/Content/AdvancedVillagePack/Meshes/SM_Mushroom_Var06.uasset" 449
"../../../../../../Users/user/Desktop/Project/bomul/Content/AdvancedVillagePack/Meshes/SM_Pitchfork.uasset" 450
"../../../../../../Users/user/Desktop/Project/bomul/Content/AdvancedVillagePack/Meshes/SM_Plant.uasset" 451
"../../../../../../Users/user/Desktop/Project/bomul/Content/AdvancedVillagePack/Meshes/SM_Pot_Var01.uasset" 452
"../../../../../../Users/user/Desktop/Project/bomul/Content/AdvancedVillagePack/Meshes/SM_Pot_Var02.uasset" 453
"../../../../../../Users/user/Desktop/Project/bomul/Content/AdvancedVillagePack/Meshes/SM_Pot_Var03.uasset" 454
"../../../../../../Users/user/Desktop/Project/bomul/Content/AdvancedVillagePack/Meshes/SM_Pot_Var04.uasset" 455
"../../../../../../Users/user/Desktop/Project/bomul/Content/AdvancedVillagePack/Meshes/SM_Pot_Var05.uasset" 456
"../../../../../../Users/user/Desktop/Project/bomul/Content/AdvancedVillagePack/Meshes/SM_Pot_Var06.uasset" 457
"../../../../../../Users/user/Desktop/Project/bomul/Content/AdvancedVillagePack/Meshes/SM_Potato.uasset" 458
"../../../../../../Users/user/Desktop/Project/bomul/Content/AdvancedVillagePack/Meshes/SM_Pumpkin_Var01.uasset" 459
"../../../../../../Users/user/Desktop/Project/bomul/Content/AdvancedVillagePack/Meshes/SM_Pumpkin_Var02.uasset" 460
"../../../../../../Users/user/Desktop/Project/bomul/Content/AdvancedVillagePack/Meshes/SM_Pumpkin_Var03.uasset" 461
"../../../../../../Users/user/Desktop/Project/bomul/Content/AdvancedVillagePack/Meshes/SM_Sack_Apple.uasset" 462
"../../../../../../Users/user/Desktop/Project/bomul/Content/AdvancedVillagePack/Meshes/SM_Sack_Flour.uasset" 463
"../../../../../../Users/user/Desktop/Project/bomul/Content/AdvancedVillagePack/Meshes/SM_Sack_Potato.uasset" 464
"../../../../../../Users/user/Desktop/Project/bomul/Content/AdvancedVillagePack/Meshes/SM_Sack_Tomato.uasset" 465
"../../../../../../Users/user/Desktop/Project/bomul/Content/AdvancedVillagePack/Meshes/SM_Sack_Var01.uasset" 466
"../../../../../../Users/user/Desktop/Project/bomul/Content/AdvancedVillagePack/Meshes/SM_Sack_Var02.uasset" 467
"../../../../../../Users/user/Desktop/Project/bomul/Content/AdvancedVillagePack/Meshes/SM_SackWithApples.uasset" 468
"../../../../../../Users/user/Desktop/Project/bomul/Content/AdvancedVillagePack/Meshes/SM_SackWithPotatoes.uasset" 469
"../../../../../../Users/user/Desktop/Project/bomul/Content/AdvancedVillagePack/Meshes/SM_SackWithTomatoes.uasset" 470
"../../../../../../Users/user/Desktop/Project/bomul/Content/AdvancedVillagePack/Meshes/SM_Stone_Big_Var01.uasset" 471
"../../../../../../Users/user/Desktop/Project/bomul/Content/AdvancedVillagePack/Meshes/SM_Stone_Big_Var02.uasset" 472
"../../../../../../Users/user/Desktop/Project/bomul/Content/AdvancedVillagePack/Meshes/SM_Stone_Big_Var03.uasset" 473
"../../../../../../Users/user/Desktop/Project/bomul/Content/AdvancedVillagePack/Meshes/SM_Stone_Big_Var04.uasset" 474
"../../../../../../Users/user/Desktop/Project/bomul/Content/AdvancedVillagePack/Meshes/SM_Stone_Big_Var05.uasset" 475
"../../../../../../Users/user/Desktop/Project/bomul/Content/AdvancedVillagePack/Meshes/SM_Stone_Medium_Var01.uasset" 476
"../../../../../../Users/user/Desktop/Project/bomul/Content/AdvancedVillagePack/Meshes/SM_Stone_Medium_Var02.uasset" 477
"../../../../../../Users/user/Desktop/Project/bomul/Content/AdvancedVillagePack/Meshes/SM_Stone_Medium_Var03.uasset" 478
"../../../../../../Users/user/Desktop/Project/bomul/Content/AdvancedVillagePack/Meshes/SM_Stone_Medium_Var04.uasset" 479
"../../../../../../Users/user/Desktop/Project/bomul/Content/AdvancedVillagePack/Meshes/SM_Stone_Medium_Var05.uasset" 480
"../../../../../../Users/user/Desktop/Project/bomul/Content/AdvancedVillagePack/Meshes/SM_StoneFlat_Var01.uasset" 481
"../../../../../../Users/user/Desktop/Project/bomul/Content/AdvancedVillagePack/Meshes/SM_StoneFlat_Var02.uasset" 482
"../../../../../../Users/user/Desktop/Project/bomul/Content/AdvancedVillagePack/Meshes/SM_StoneFlat_Var03.uasset" 483
"../../../../../../Users/user/Desktop/Project/bomul/Content/AdvancedVillagePack/Meshes/SM_StoneFlat_Var04.uasset" 484
"../../../../../../Users/user/Desktop/Project/bomul/Content/AdvancedVillagePack/Meshes/SM_StoneFlat_Var05.uasset" 485
"../../../../../../Users/user/Desktop/Project/bomul/Content/AdvancedVillagePack/Meshes/SM_Stonepath_Var01.uasset" 486
"../../../../../../Users/user/Desktop/Project/bomul/Content/AdvancedVillagePack/Meshes/SM_Stonepath_Var02.uasset" 487
"../../../../../../Users/user/Desktop/Project/bomul/Content/AdvancedVillagePack/Meshes/SM_Stonepath_Var03.uasset" 488
"../../../../../../Users/user/Desktop/Project/bomul/Content/AdvancedVillagePack/Materials/M_Inst_Pack_03_LightsOn.uasset" 489
"../../../../../../Users/user/Desktop/Project/bomul/Content/AdvancedVillagePack/Meshes/SM_StreetLight_LightsOn.uasset" 490
"../../../../../../Users/user/Desktop/Project/bomul/Content/AdvancedVillagePack/Meshes/SM_Tomato.uasset" 491
"../../../../../../Users/user/Desktop/Project/bomul/Content/AdvancedVillagePack/Meshes/SM_Torch_Var01.uasset" 492
"../../../../../../Users/user/Desktop/Project/bomul/Content/AdvancedVillagePack/Meshes/SM_Treestump_Var01.uasset" 493
"../../../../../../Users/user/Desktop/Project/bomul/Content/AdvancedVillagePack/Meshes/SM_Treestump_Var02.uasset" 494
"../../../../../../Users/user/Desktop/Project/bomul/Content/AdvancedVillagePack/Meshes/SM_Watermellon.uasset" 495
"../../../../../../Users/user/Desktop/Project/bomul/Content/AdvancedVillagePack/Meshes/SM_Wheel.uasset" 496
"../../../../../../Users/user/Desktop/Project/bomul/Content/AdvancedVillagePack/Maps/AdvancedVillagePack_Overview.umap" 497
"../../../../../../Users/user/Desktop/Project/bomul/Content/AdvancedVillagePack/Blueprints/Misc/BP_Misc_DayNight_Cycle.uasset" 498
"../../../../../../Users/user/Desktop/Project/bomul/Content/AdvancedVillagePack/Maps/AdvancedVillagePack_Showcase_BuiltData.uasset" 499
"../../../Engine/Content/BasicShapes/BasicShapeMaterial.uasset" 500
"../../../../../../Users/user/Desktop/Project/bomul/Content/AdvancedVillagePack/Textures/Landscape/T_Landscape_Grass_DH.uasset" 501
"../../../../../../Users/user/Desktop/Project/bomul/Content/AdvancedVillagePack/Textures/Landscape/T_Landscape_Grass_N.uasset" 502
"../../../../../../Users/user/Desktop/Project/bomul/Content/AdvancedVillagePack/Textures/Landscape/T_Landscape_Pebbles_DH.uasset" 503
"../../../../../../Users/user/Desktop/Project/bomul/Content/AdvancedVillagePack/Textures/Landscape/T_Landscape_Pebbles_N.uasset" 504
"../../../../../../Users/user/Desktop/Project/bomul/Content/AdvancedVillagePack/Textures/Landscape/T_Landscape_Soil_DH.uasset" 505
"../../../../../../Users/user/Desktop/Project/bomul/Content/AdvancedVillagePack/Textures/Landscape/T_Landscape_Soil_N.uasset" 506
"../../../../../../Users/user/Desktop/Project/bomul/Content/AdvancedVillagePack/Materials/M_Landscape.uasset" 507
"../../../../../../Users/user/Desktop/Project/bomul/Content/AdvancedVillagePack/Materials/M_Inst_Landscape.uasset" 508
"../../../../../../Users/user/Desktop/Project/bomul/Content/AdvancedVillagePack/Textures/Effects/T_Water_N.uasset" 509
"../../../../../../Users/user/Desktop/Project/bomul/Content/AdvancedVillagePack/Materials/M_Water.uasset" 510
"../../../../../../Users/user/Desktop/Project/bomul/Content/AdvancedVillagePack/Materials/M_Inst_Water.uasset" 511
"../../../Engine/Content/BasicShapes/Cube.uasset" 512
"../../../Engine/Content/EngineMaterials/DefaultPhysicalMaterial.uasset" 513
"../../../../../../Users/user/Desktop/Project/bomul/Content/AdvancedVillagePack/Meshes/SM_Plane_1x1.uasset" 514
"../../../../../../Users/user/Desktop/Project/bomul/Content/IndustryPropsPack6/Meshes/SM_Box01.uasset" 515
"../../../../../../Users/user/Desktop/Project/bomul/Content/Menu/MenuResource/MenuBorder.uasset" 516
"../../../../../../Users/user/Desktop/Project/bomul/Content/Menu/MenuResource/Quit0.uasset" 517
"../../../../../../Users/user/Desktop/Project/bomul/Content/Menu/MenuResource/Replay0.uasset" 518
"../../../../../../Users/user/Desktop/Project/bomul/Content/Menu/MenuResource/B_Menu.uasset" 519
"../../../../../../Users/user/Desktop/Project/bomul/Content/NewPhysicalMaterial.uasset" 520
"../../../../../../Users/user/Desktop/Project/bomul/Content/AdvancedVillagePack/Maps/AdvancedVillagePack_Showcase.umap" 521
"../../../../../../Users/user/Desktop/Project/bomul/Content/ThirdPersonBP/Maps/ThirdPersonExampleMap_BuiltData.uasset" 522
"../../../../../../Users/user/Desktop/Project/bomul/Content/ThirdPerson/Meshes/RampMaterial.uasset" 523
"../../../../../../Users/user/Desktop/Project/bomul/Content/ThirdPerson/Meshes/Bump_StaticMesh.uasset" 524
"../../../../../../Users/user/Desktop/Project/bomul/Content/ThirdPerson/Meshes/LeftArm_StaticMesh.uasset" 525
"../../../../../../Users/user/Desktop/Project/bomul/Content/ThirdPerson/Meshes/Linear_Stair_StaticMesh.uasset" 526
"../../../../../../Users/user/Desktop/Project/bomul/Content/ThirdPerson/Meshes/Ramp_StaticMesh.uasset" 527
"../../../../../../Users/user/Desktop/Project/bomul/Content/ThirdPerson/Meshes/RightArm_StaticMesh.uasset" 528
"../../../../../../Users/user/Desktop/Project/bomul/Content/ThirdPersonBP/Maps/ThirdPersonExampleMap.umap" 529
"../../../Engine/Content/Maps/Entry_BuiltData.uasset" 530
"../../../Engine/Content/Maps/Entry.umap" 531
